<?xml version="1.0" encoding="UTF-8"?>
<testsuite xmlns:xsi="http://www.w3.org/2001/XMLSchema-instance" xsi:noNamespaceSchemaLocation="https://maven.apache.org/surefire/maven-surefire-plugin/xsd/surefire-test-report.xsd" version="3.0.2" name="com.restapi.demorestapi.DemorestapiApplicationTests" time="18.145" tests="1" errors="0" skipped="0" failures="0">
  <properties>
[...]
</properties>
  <testcase name="contextLoads" classname="com.restapi.demorestapi.DemorestapiApplicationTests" time="9.132">
    <system-out><![CDATA[09:27:57.558 [main] INFO org.springframework.test.context.support.AnnotationConfigContextLoaderUtils -- Could not detect default configuration classes for test class [com.restapi.demorestapi.DemorestapiApplicationTests]: DemorestapiApplicationTests does not declare any static, non-private, non-final, nested classes annotated with @Configuration.
09:27:57.841 [main] INFO org.springframework.boot.test.context.SpringBootTestContextBootstrapper -- Found @SpringBootConfiguration com.restapi.demorestapi.DemorestapiApplication for test class com.restapi.demorestapi.DemorestapiApplicationTests

  .   ____          _            __ _ _
 /\\ / ___'_ __ _ _(_)_ __  __ _ \ \ \ \
( ( )\___ | '_ | '_| | '_ \/ _` | \ \ \ \
 \\/  ___)| |_)| | | | | || (_| |  ) ) ) )
  '  |____| .__|_| |_|_| |_\__, | / / / /
 =========|_|==============|___/=/_/_/_/

 :: Spring Boot ::                (v3.4.4)

2025-04-07T09:27:59.712+03:00  INFO 1288 --- [           main] c.r.d.DemorestapiApplicationTests        : Starting DemorestapiApplicationTests using Java 21.0.6 with PID 1288 (started by birhanuku in E:\demorestapi)
2025-04-07T09:27:59.713+03:00  INFO 1288 --- [           main] c.r.d.DemorestapiApplicationTests        : No active profile set, falling back to 1 default profile: "default"
2025-04-07T09:28:00.428+03:00  INFO 1288 --- [           main] .s.d.r.c.RepositoryConfigurationDelegate : Bootstrapping Spring Data JDBC repositories in DEFAULT mode.
2025-04-07T09:28:00.437+03:00  INFO 1288 --- [           main] .s.d.r.c.RepositoryConfigurationDelegate : Finished Spring Data repository scanning in 4 ms. Found 0 JDBC repository interfaces.
2025-04-07T09:28:00.557+03:00  WARN 1288 --- [           main] o.m.s.mapper.ClassPathMapperScanner      : No MyBatis mapper was found in '[com.restapi.demorestapi]' package. Please check your configuration.
2025-04-07T09:28:02.362+03:00  INFO 1288 --- [           main] com.zaxxer.hikari.HikariDataSource       : HikariPool-1 - Starting...
2025-04-07T09:28:04.587+03:00  INFO 1288 --- [           main] com.zaxxer.hikari.pool.HikariPool        : HikariPool-1 - Added connection ConnectionID:1 ClientConnectionId: 1bdbf766-5b35-4f0f-bce9-dc74ac7020de
2025-04-07T09:28:04.608+03:00  INFO 1288 --- [           main] com.zaxxer.hikari.HikariDataSource       : HikariPool-1 - Start completed.
2025-04-07T09:28:04.731+03:00  WARN 1288 --- [           main] o.s.data.convert.CustomConversions       : Registering converter from class microsoft.sql.DateTimeOffset to class java.time.OffsetDateTime as reading converter although it doesn't convert from a store-supported type; You might want to check your annotation setup at the converter implementation
2025-04-07T09:28:04.731+03:00  WARN 1288 --- [           main] o.s.data.convert.CustomConversions       : Registering converter from class microsoft.sql.DateTimeOffset to class java.time.Instant as reading converter although it doesn't convert from a store-supported type; You might want to check your annotation setup at the converter implementation
2025-04-07T09:28:05.037+03:00  INFO 1288 --- [           main] c.r.d.DemorestapiApplicationTests        : Started DemorestapiApplicationTests in 6.03 seconds (process running for 10.818)
]]></system-out>
    <system-err><![CDATA[Mockito is currently self-attaching to enable the inline-mock-maker. This will no longer work in future releases of the JDK. Please add Mockito as an agent to your build what is described in Mockito's documentation: https://javadoc.io/doc/org.mockito/mockito-core/latest/org/mockito/Mockito.html#0.3
WARNING: A Java agent has been loaded dynamically (C:\Users\birhanuku\.m2\repository\net\bytebuddy\byte-buddy-agent\1.15.11\byte-buddy-agent-1.15.11.jar)
WARNING: If a serviceability tool is in use, please run with -XX:+EnableDynamicAgentLoading to hide this warning
WARNING: If a serviceability tool is not in use, please run with -Djdk.instrument.traceUsage for more information
WARNING: Dynamic loading of agents will be disallowed by default in a future release
]]></system-err>
  </testcase>
</testsuite>